C51 COMPILER V9.60.7.0   GLOBALS                                                           12/10/2025 17:30:46 PAGE 1   


C51 COMPILER V9.60.7.0, COMPILATION OF MODULE GLOBALS
OBJECT MODULE PLACED IN ../src/globals.OBJ
COMPILER INVOKED BY: C:\Keil_v5\C51\BIN\C51.exe ../src/globals.c OPTIMIZE(9,SIZE) INCDIR(../include)

line level    source

   1          /*
   2           * ASM2464PD Firmware - Global Variable Definitions (Keil C51 Version)
   3           *
   4           * Global variables in XRAM and IDATA at fixed addresses.
   5           * Uses Keil's _at_ syntax for absolute addressing.
   6           */
   7          
   8          #include "types.h"
   9          
  10          /*===========================================================================
  11           * IDATA Work Variables (0x00-0x7F)
  12           *===========================================================================*/
  13          
  14          /* Boot signature bytes (0x09-0x0C) - used in startup_0016 */
  15          idata uint8_t I_BOOT_SIG_0 _at_ 0x09;      /* Boot signature byte 0 */
  16          idata uint8_t I_BOOT_SIG_1 _at_ 0x0A;      /* Boot signature byte 1 */
  17          idata uint8_t I_BOOT_SIG_2 _at_ 0x0B;      /* Boot signature byte 2 */
  18          idata uint8_t I_BOOT_SIG_3 _at_ 0x0C;      /* Boot signature byte 3 */
  19          
  20          /* State machine variable (0x6A-0x6E) */
  21          idata uint8_t I_STATE_6A _at_ 0x6A;        /* State machine variable */
  22          idata uint8_t I_TRANSFER_6B _at_ 0x6B;     /* Transfer pending byte 0 */
  23          idata uint8_t I_TRANSFER_6C _at_ 0x6C;     /* Transfer pending byte 1 */
  24          idata uint8_t I_TRANSFER_6D _at_ 0x6D;     /* Transfer pending byte 2 */
  25          idata uint8_t I_TRANSFER_6E _at_ 0x6E;     /* Transfer pending byte 3 */
  26          
  27          /*===========================================================================
  28           * XDATA Variables - Use _at_ for proper MOVX access via DPTR
  29           *===========================================================================*/
  30          
  31          /* System Work Area - XDATA at 0x0001 */
  32          xdata uint8_t G_IO_CMD_TYPE _at_ 0x0001;   /* I/O command type / boot state */
  33          
  34          /* Transfer State - XDATA at 0x0AF3 */
  35          xdata uint8_t G_XFER_STATE_0AF3 _at_ 0x0AF3;  /* Transfer state / boot mode */


MODULE INFORMATION:   STATIC OVERLAYABLE
   CODE SIZE        =   ----    ----
   CONSTANT SIZE    =   ----    ----
   XDATA SIZE       =   ----    ----
   PDATA SIZE       =   ----    ----
   DATA SIZE        =   ----    ----
   IDATA SIZE       =   ----    ----
   BIT SIZE         =   ----    ----
END OF MODULE INFORMATION.


C51 COMPILATION COMPLETE.  0 WARNING(S),  0 ERROR(S)
